
PyORBIT v9.0.21

Python version in use:
3.8.10 (default, Nov 14 2022, 12:59:47) 
[GCC 9.4.0]
 LaTeX disabled by default

emcee version:  3.1.3

 Reference Time Tref: 2458000.0

 Dimensions = 11
 Nwalkers = 44

 Steps: 100000

The chains are more than 50 times longer than the ACF, the estimate can be trusted

Computing the autocorrelation time of the chains
Reference thinning used in the analysis: 100
Step length used in the analysis: 4*nthin = 400

Convergence criteria: less than 1% variation in ACF after 50 times the integrated ACF
At least 50*ACF after convergence, 100*ACF would be ideal
Negative values: not converged yet

          sample variable      |    ACF   | ACF*nthin | converged at | nteps/ACF 
                               |          |           |              |           
          LCdata_jitter_0      |   2.174  |    217.4  |    11200     |    408.5   
          b_b                  |   3.369  |    336.9  |    17200     |    245.8   
          b_Tc                 |   2.391  |    239.1  |    12800     |    364.6   
          b_P                  |   2.353  |    235.3  |    12000     |    374.0   
          b_R_Rs               |   3.005  |    300.5  |    15200     |    282.2   
          star_parameters_density |   2.483  |    248.3  |    12800     |    351.2   
          limb_darkening_ld_q1 |   4.799  |    479.9  |    24000     |    158.4   
          limb_darkening_ld_q2 |   3.337  |    333.7  |    16800     |    249.3   
          polynomial_trend_poly_c0 |   2.310  |    231.0  |    11600     |    382.7   
          polynomial_trend_poly_c1 |   2.335  |    233.5  |    12400     |    375.2   
          polynomial_trend_poly_c2 |   2.291  |    229.1  |    12000     |    384.2   

All the chains are longer than 100*ACF 
Suggested value for burnin:  24000


 LN posterior:  8940.003726      -2.500248     1.870794 (15-84 p) 

 Median log_priors     = -28.334597519424097
 Median log_likelihood = 8972.82447065941
 Median BIC  (using likelihood) = -17861.187351397246
 Median AIC  (using likelihood) = -17923.64894131882
 Median AICc (using likelihood) = -17923.52609348262

 Median BIC  (using posterior)  = -17804.518156358397
 Median AIC  (using posterior)  = -17866.979746279972
 Median AICc (using posterior)  = -17866.85689844377

 MAP log_priors     = -28.120229147402707
 MAP log_likelihood = 8972.578248114003
 MAP BIC  (using likelihood) = -17860.69490630643
 MAP AIC  (using likelihood) = -17923.156496228006
 MAP AICc (using likelihood) = -17923.033648391804

 MAP BIC  (using posterior)  = -17804.454448011627
 MAP AIC  (using posterior)  = -17866.916037933202
 MAP AICc (using posterior)  = -17866.793190097

 AIC suggested over AICs because NDATA (  2161.000000 ) > 40 * NDIM (    11.000000 )

****************************************************************************************************
****************************************************************************************************

 Confidence intervals (median value, 34.135th percentile from the median on the left and right side)

====================================================================================================
     Statistics on the posterior of the sampler variables     
====================================================================================================

----- dataset:  LCdata
jitter_0        10      0.002843      -0.000077      0.000079 (15-84 p) ([ 0.000023,  0.290700])

----------  LCdata      ----- model:  polynomial_trend

----------  LCdata      ----- model:  lc_model_b

----- common model:  b
b                0      0.708081      -0.032950      0.028776 (15-84 p) ([ 0.000000,  2.000000])
Tc               1  2459467.356650      -0.000221      0.000214 (15-84 p) ([2459467.290000, 2459467.420000])
P                2      1.401378      -0.000001      0.000001 (15-84 p) ([ 1.300000,  1.500000])
R_Rs             3      0.132035      -0.002042      0.001942 (15-84 p) ([ 0.000010,  0.500000])

----- common model:  star_parameters
density          6      1.358681      -0.111348      0.118915 (15-84 p) ([ 0.000000,  5.000000])

----- common model:  limb_darkening
ld_q1            4      0.115531      -0.080964      0.166435 (15-84 p) ([ 0.000000,  1.000000])
ld_q2            5      0.312841      -0.235042      0.394262 (15-84 p) ([ 0.000000,  1.000000])

----- common model:  polynomial_trend
poly_c0          7      0.761623      -0.000288      0.000291 (15-84 p) ([-1000000.000000, 1000000.000000])
poly_c1          8      0.002535      -0.002108      0.002098 (15-84 p) ([-1000000.000000, 1000000.000000])
poly_c2          9      0.069257      -0.092954      0.092911 (15-84 p) ([-1000000.000000, 1000000.000000])

====================================================================================================
     Statistics on the physical parameters obtained from the posteriors samples     
====================================================================================================

----- dataset:  LCdata
jitter_0              0.002843         -0.000077         0.000079 (15-84 p)


----------  LCdata      ----- model:  polynomial_trend

----------  LCdata      ----- model:  lc_model_b

----- common model:  b
e                 0.000000e+00 
b                     0.708081         -0.032950         0.028776 (15-84 p)
Tc              2459467.356650         -0.000221         0.000214 (15-84 p)
P                 1.401378e+00     -1.000333e-06     9.899773e-07 (15-84 p)
omega                90.000000 
R_Rs                  0.132035         -0.002042         0.001942 (15-84 p)

----- common model:  star_parameters
density               1.358681         -0.111348         0.118915 (15-84 p)

----- common model:  limb_darkening
ld_c1                 0.188951         -0.135213         0.214202 (15-84 p)
ld_c2                 0.105498         -0.201117         0.273839 (15-84 p)

----- common model:  polynomial_trend
poly_c0               0.761623         -0.000288         0.000291 (15-84 p)
poly_c1               0.002535         -0.002108         0.002098 (15-84 p)
x_zero          2459467.353901 
poly_c2               0.069257         -0.092954         0.092911 (15-84 p)

====================================================================================================
     Statistics on the derived parameters obtained from the posteriors samples     
====================================================================================================

----- common model:  b
a_Rs                  5.834344         -0.163944         0.165476 (15-84 p)
i                    83.033822         -0.486230         0.493712 (15-84 p)
mean_long            60.746911         -0.274043         0.272314 (15-84 p)
R_Rj                  1.233893         -0.066785         0.066321 (15-84 p)
R_Re                 13.830601         -0.748584         0.743392 (15-84 p)
T_41                  0.068315         -0.000877         0.000972 (15-84 p)
T_32                  0.038628         -0.002476         0.002527 (15-84 p)
a_AU_(rho,R)          0.026062         -0.001520         0.001543 (15-84 p)


====================================================================================================
     ------------------------------------------------------------------------------------------     
====================================================================================================



****************************************************************************************************

 Parameters corresponding to the Maximum a Posteriori probability ( 8944.458018966601 )


====================================================================================================
     Statistics on the posterior of the sampler variables     
====================================================================================================

----- dataset:  LCdata
jitter_0        10      0.002820 ([  0.000023,   0.290700])

----------  LCdata      ----- model:  polynomial_trend

----------  LCdata      ----- model:  lc_model_b

----- common model:  b
b                0      0.724395 ([  0.000000,   2.000000])
Tc               1  2459467.356701 ([2459467.290000, 2459467.420000])
P                2      1.401378 ([  1.300000,   1.500000])
R_Rs             3      0.131949 ([  0.000010,   0.500000])

----- common model:  star_parameters
density          6      1.331204 ([  0.000000,   5.000000])

----- common model:  limb_darkening
ld_q1            4      0.033420 ([  0.000000,   1.000000])
ld_q2            5      0.079605 ([  0.000000,   1.000000])

----- common model:  polynomial_trend
poly_c0          7      0.761610 ([-1000000.000000, 1000000.000000])
poly_c1          8      0.002364 ([-1000000.000000, 1000000.000000])
poly_c2          9      0.087154 ([-1000000.000000, 1000000.000000])

====================================================================================================
     Statistics on the physical parameters obtained from the posteriors samples     
====================================================================================================

----- dataset:  LCdata
jitter_0              0.002820 


----------  LCdata      ----- model:  polynomial_trend

----------  LCdata      ----- model:  lc_model_b

----- common model:  b
e                 0.000000e+00 
b                     0.724395 
Tc              2459467.356701 
P                     1.401378 
omega                90.000000 
R_Rs                  0.131949 

----- common model:  star_parameters
density               1.331204 

----- common model:  limb_darkening
ld_c1                 0.029105 
ld_c2                 0.153706 

----- common model:  polynomial_trend
poly_c0               0.761610 
poly_c1               0.002364 
x_zero          2459467.353901 
poly_c2               0.087154 

====================================================================================================
     Statistics on the derived parameters obtained from the posteriors samples     
====================================================================================================

----- common model:  b
a_Rs                  5.794746 
i                    82.818728 
mean_long            60.637800 
R_Rj                  1.230959 
R_Re                 13.797716 
T_41                  0.067746 
T_32                  0.037152 
a_AU_(rho,R)          0.025835 


====================================================================================================
     ------------------------------------------------------------------------------------------     
====================================================================================================



****************************************************************************************************

 Trying to identify the stellar parameters
Note: priors on stellar mass and radius provided independently from the measured density, no check for consistency is performed

 Trying to identify the stellar parameters
 Plot FLAT chain 

****************************************************************************************************

Plotting full_correlation plot with pygtc

****************************************************************************************************

 Plotting the chains... 

****************************************************************************************************

 Plotting the Gelman-Rubin traces... 

     Gelman-Rubin:    10     1.000414 LCdata_jitter_0 
     Gelman-Rubin:     0     1.002193 b_b 
     Gelman-Rubin:     1     1.000635 b_Tc 
     Gelman-Rubin:     2     1.000502 b_P 
     Gelman-Rubin:     3     1.000842 b_R_Rs 
     Gelman-Rubin:     6     1.001572 star_parameters_density 
     Gelman-Rubin:     4     1.002282 limb_darkening_ld_q1 
     Gelman-Rubin:     5     1.001322 limb_darkening_ld_q2 
     Gelman-Rubin:     7     1.000769 polynomial_trend_poly_c0 
     Gelman-Rubin:     8     1.000475 polynomial_trend_poly_c1 
     Gelman-Rubin:     9     1.000835 polynomial_trend_poly_c2 

****************************************************************************************************

 Plotting the common models corner plots
     Common model:  b
     Common model:  star_parameters
     Common model:  limb_darkening
     Common model:  polynomial_trend

****************************************************************************************************

 Dataset + models corner plots 

     Dataset:  LCdata     model:  polynomial_trend  corner plot  starting 
     Dataset:  LCdata     model:  polynomial_trend  corner plot  done 
     Dataset:  LCdata     model:  lc_model_b  corner plot  starting 
     Dataset:  LCdata     model:  lc_model_b  corner plot  done 

****************************************************************************************************

 Saving the planet variable samplings to files (with plots)

****************************************************************************************************

 Saving all the variable samplings to files (with plots)

****************************************************************************************************

 Computing the models for plot/data writing 
 Writing the plots 
 Writing the   data files 
 Writing the  MAP_ data files 

****************************************************************************************************

