
PyORBIT v9.0.21

Python version in use:
3.8.10 (default, Nov 14 2022, 12:59:47) 
[GCC 9.4.0]
 LaTeX disabled by default

emcee version:  3.1.3

 Reference Time Tref: 2458000.0

 Dimensions = 8
 Nwalkers = 32

 Steps: 100000

The chains are more than 50 times longer than the ACF, the estimate can be trusted

Computing the autocorrelation time of the chains
Reference thinning used in the analysis: 100
Step length used in the analysis: 3*nthin = 300

Convergence criteria: less than 1% variation in ACF after 50 times the integrated ACF
At least 50*ACF after convergence, 100*ACF would be ideal
Negative values: not converged yet

          sample variable      |    ACF   | ACF*nthin | converged at | nteps/ACF 
                               |          |           |              |           
          LCdata_jitter_0      |   2.070  |    207.0  |    10800     |    430.8   
          b_Tc                 |   1.796  |    179.6  |     9000     |    506.8   
          b_R_Rs               |   2.681  |    268.1  |    15000     |    317.0   
          b_b                  |   2.325  |    232.5  |    11700     |    379.8   
          b_P                  |   1.803  |    180.3  |     9300     |    503.0   
          star_parameters_density |   1.868  |    186.8  |     9900     |    482.3   
          limb_darkening_ld_q1 |   3.152  |    315.2  |    17100     |    263.0   
          limb_darkening_ld_q2 |   2.536  |    253.6  |    13800     |    339.8   

All the chains are longer than 100*ACF 
Suggested value for burnin:  17100


 LN posterior: 138072.029159      -2.169058     1.487513 (15-84 p) 

 Median log_priors     = 3.0365450486892156
 Median log_likelihood = 138071.87199439318
 Median BIC  (using likelihood) = -276059.7471842417
 Median AIC  (using likelihood) = -276127.74398878636
 Median AICc (using likelihood) = -276127.74002096977

 Median BIC  (using posterior)  = -276065.8202743391
 Median AIC  (using posterior)  = -276133.81707888376
 Median AICc (using posterior)  = -276133.81311106717

 MAP log_priors     = 3.2521627200404275
 MAP log_likelihood = 138072.0054210947
 MAP BIC  (using likelihood) = -276060.0140376448
 MAP AIC  (using likelihood) = -276128.0108421894
 MAP AICc (using likelihood) = -276128.00687437283

 MAP BIC  (using posterior)  = -276066.5183630849
 MAP AIC  (using posterior)  = -276134.5151676295
 MAP AICc (using posterior)  = -276134.5111998129

 AIC suggested over AICs because NDATA ( 36301.000000 ) > 40 * NDIM (     8.000000 )

****************************************************************************************************
****************************************************************************************************

 Confidence intervals (median value, 34.135th percentile from the median on the left and right side)

====================================================================================================
     Statistics on the posterior of the sampler variables     
====================================================================================================

----- dataset:  LCdata
jitter_0         7      0.000091      -0.000035      0.000059 (15-84 p) ([ 0.000043,  0.798500])

----------  LCdata      ----- model:  lc_model_b

----- common model:  b
Tc               0  2455230.991959      -0.002244      0.002252 (15-84 p) ([2455230.900000, 2455231.100000])
R_Rs             1      0.138845      -0.001491      0.001354 (15-84 p) ([ 0.000010,  0.500000])
b                2      0.710401      -0.025240      0.020961 (15-84 p) ([ 0.000000,  2.000000])
P                3      1.401378      -0.000001      0.000001 (15-84 p) ([ 1.300000,  1.500000])

----- common model:  star_parameters
density          6      1.296524      -0.085668      0.093527 (15-84 p) ([ 0.000000,  5.000000])

----- common model:  limb_darkening
ld_q1            4      0.149907      -0.082752      0.146227 (15-84 p) ([ 0.000000,  1.000000])
ld_q2            5      0.335483      -0.247617      0.392714 (15-84 p) ([ 0.000000,  1.000000])

====================================================================================================
     Statistics on the physical parameters obtained from the posteriors samples     
====================================================================================================

----- dataset:  LCdata
jitter_0              0.000091         -0.000035         0.000059 (15-84 p)


----------  LCdata      ----- model:  lc_model_b

----- common model:  b
omega                90.000000 
Tc              2455230.991959         -0.002244         0.002252 (15-84 p)
R_Rs                  0.138845         -0.001491         0.001354 (15-84 p)
e                 0.000000e+00 
b                     0.710401         -0.025240         0.020961 (15-84 p)
P                 1.401378e+00     -7.297287e-07     7.277687e-07 (15-84 p)

----- common model:  star_parameters
density               1.296524         -0.085668         0.093527 (15-84 p)

----- common model:  limb_darkening
ld_c1                 0.244962         -0.171065         0.229333 (15-84 p)
ld_c2                 0.115321         -0.249245         0.275758 (15-84 p)

====================================================================================================
     Statistics on the derived parameters obtained from the posteriors samples     
====================================================================================================

----- common model:  b
a_Rs                  5.743981         -0.129403         0.134924 (15-84 p)
i                    82.898120         -0.371150         0.398507 (15-84 p)
mean_long            60.606820         -0.211064         0.209480 (15-84 p)
R_Rj                  1.297078         -0.069391         0.068611 (15-84 p)
R_Re                 14.538843         -0.777800         0.769059 (15-84 p)
T_41                  0.069976         -0.000787         0.000851 (15-84 p)
T_32                  0.038101         -0.001937         0.002103 (15-84 p)
a_AU_(rho,R)          0.025655         -0.001456         0.001477 (15-84 p)


====================================================================================================
     ------------------------------------------------------------------------------------------     
====================================================================================================



****************************************************************************************************

 Parameters corresponding to the Maximum a Posteriori probability ( 138075.25758381476 )


====================================================================================================
     Statistics on the posterior of the sampler variables     
====================================================================================================

----- dataset:  LCdata
jitter_0         7      0.000045 ([  0.000043,   0.798500])

----------  LCdata      ----- model:  lc_model_b

----- common model:  b
Tc               0  2455230.992596 ([2455230.900000, 2455231.100000])
R_Rs             1      0.139206 ([  0.000010,   0.500000])
b                2      0.717997 ([  0.000000,   2.000000])
P                3      1.401378 ([  1.300000,   1.500000])

----- common model:  star_parameters
density          6      1.266485 ([  0.000000,   5.000000])

----- common model:  limb_darkening
ld_q1            4      0.124209 ([  0.000000,   1.000000])
ld_q2            5      0.384881 ([  0.000000,   1.000000])

====================================================================================================
     Statistics on the physical parameters obtained from the posteriors samples     
====================================================================================================

----- dataset:  LCdata
jitter_0              0.000045 


----------  LCdata      ----- model:  lc_model_b

----- common model:  b
omega                90.000000 
Tc              2455230.992596 
R_Rs                  0.139206 
e                 0.000000e+00 
b                     0.717997 
P                     1.401378 

----- common model:  star_parameters
density               1.266485 

----- common model:  limb_darkening
ld_c1                 0.271289 
ld_c2                 0.081144 

====================================================================================================
     Statistics on the derived parameters obtained from the posteriors samples     
====================================================================================================

----- common model:  b
a_Rs                  5.699274 
i                    82.762623 
mean_long            60.543450 
R_Rj                  1.221311 
R_Re                 13.689569 
T_41                  0.070069 
T_32                  0.037505 
a_AU_(rho,R)          0.023896 


====================================================================================================
     ------------------------------------------------------------------------------------------     
====================================================================================================



****************************************************************************************************

 Trying to identify the stellar parameters
Note: priors on stellar mass and radius provided independently from the measured density, no check for consistency is performed

 Trying to identify the stellar parameters
 Plot FLAT chain 

****************************************************************************************************

Plotting full_correlation plot with pygtc

****************************************************************************************************

 Plotting the chains... 

****************************************************************************************************

 Plotting the Gelman-Rubin traces... 

     Gelman-Rubin:     7     1.000182 LCdata_jitter_0 
     Gelman-Rubin:     0     1.000441 b_Tc 
     Gelman-Rubin:     1     1.001215 b_R_Rs 
     Gelman-Rubin:     2     1.001068 b_b 
     Gelman-Rubin:     3     1.000436 b_P 
     Gelman-Rubin:     6     1.000681 star_parameters_density 
     Gelman-Rubin:     4     1.001044 limb_darkening_ld_q1 
     Gelman-Rubin:     5     1.001049 limb_darkening_ld_q2 

****************************************************************************************************

 Plotting the common models corner plots
     Common model:  b
     Common model:  star_parameters
     Common model:  limb_darkening

****************************************************************************************************

 Dataset + models corner plots 

     Dataset:  LCdata     model:  lc_model_b  corner plot  starting 
     Dataset:  LCdata     model:  lc_model_b  corner plot  done 

****************************************************************************************************

 Saving the planet variable samplings to files (with plots)

****************************************************************************************************

 Saving all the variable samplings to files (with plots)

****************************************************************************************************

 Computing the models for plot/data writing 
 Writing the plots 
 Writing the   data files 
 Writing the  MAP_ data files 

****************************************************************************************************

