
PyORBIT v9.0.21

Python version in use:
3.8.10 (default, Nov 14 2022, 12:59:47) 
[GCC 9.4.0]

reloaded_optimize:  False
reloaded_pyde:  False
reloaded_emcee:  False

number of system threads: 1

Opening:  LCdata
Adding common model of planet:  b
Using orbital model:  circular
Using orbital parametrization:  Eastman2013_Tcent
Using Central Time of Transit instead of phase

Using limb darkening coefficient parametrization:  Kipping
  LC model: lc_model_b is using limb_darkening LD parameters

====================================================================================================
     Boundaries of the sampler variables     
====================================================================================================

----- dataset:  LCdata
jitter_0         7  ([  0.000043,   0.798500])

----------  LCdata      ----- model:  lc_model_b

----- common model:  b
b                0  ([  0.000000,   2.000000])
Tc               1  ([2455230.900000, 2455231.100000])
P                2  ([  1.300000,   1.500000])
R_Rs             3  ([  0.000010,   0.500000])

----- common model:  star_parameters
density          6  ([  0.000000,   5.000000])

----- common model:  limb_darkening
ld_q1            4  ([  0.000000,   1.000000])
ld_q2            5  ([  0.000000,   1.000000])

Include priors:  True

Reference Time Tref:  2458000.0

Dimensions =  8
Nwalkers =  32

Using threading pool for PyDE: True
PyDE running
Boundaries redefined after PyDE output
PyDE completed


====================================================================================================
     Starting point of the sample/optimization routines    
====================================================================================================

----- dataset:  LCdata
jitter_0         7      0.000043 ([  0.000043,   0.798500])

----------  LCdata      ----- model:  lc_model_b

----- common model:  b
b                0      0.710628 ([  0.000000,   2.000000])
Tc               1  2455230.992192 ([2455230.900000, 2455231.100000])
P                2      1.401378 ([  1.300000,   1.500000])
R_Rs             3      0.139552 ([  0.000010,   0.500000])

----- common model:  star_parameters
density          6      1.238464 ([  0.000000,   5.000000])

----- common model:  limb_darkening
ld_q1            4      0.282298 ([  0.000000,   1.000000])
ld_q2            5      0.395091 ([  0.000000,   1.000000])

====================================================================================================
     Starting point projected onto the physical space     
====================================================================================================

----- dataset:  LCdata
jitter_0              0.000043 


----------  LCdata      ----- model:  lc_model_b

----- common model:  b
b                     0.710628 
Tc              2455230.992192 
P                     1.401378 
R_Rs                  0.139552 
e                 0.000000e+00 
omega                90.000000 

----- common model:  star_parameters
density               1.238464 

----- common model:  limb_darkening
ld_c1                 0.419837 
ld_c2                 0.111480 

====================================================================================================
     Derived parameters obtained from starting point     
====================================================================================================

----- common model:  b
a_Rs                  5.656928 
i                    82.783388 
mean_long            60.584908 
R_Rj                  1.220304 
R_Re                 13.678280 
T_41                  0.071108 
T_32                  0.038610 
a_AU_(rho,R)          0.023640 


====================================================================================================
     Statistics on the log-likelihood     
====================================================================================================

 LN probability: 138079.733649 

====================================================================================================
     ------------------------------------------------------------------------------------------     
====================================================================================================



*************************************************************

Running emcee

emcee version:  3.1.3
Using threading pool for emcee: False

Saving temporary steps


The chains are more than 50 times longer than the ACF, the estimate can be trusted

Computing the autocorrelation time of the chains
Reference thinning used in the analysis: 100
Step length used in the analysis: 1*nthin = 100

Convergence criteria: less than 1% variation in ACF after 50 times the integrated ACF
At least 50*ACF after convergence, 100*ACF would be ideal
Negative values: not converged yet

          sample variable      |    ACF   | ACF*nthin | converged at | nteps/ACF 
                               |          |           |              |           
          LCdata_jitter_0      |   1.584  |    158.4  |     8000     |     75.8   
          b_b                  |   1.254  |    125.4  |     6300     |    109.2   
          b_Tc                 |   1.316  |    131.6  |     6700     |    101.1   
          b_P                  |   1.315  |    131.5  |     6700     |    101.1   
          b_R_Rs               |   1.303  |    130.3  |     6600     |    102.9   
          star_parameters_density |   1.256  |    125.6  |     6300     |    109.1   
          limb_darkening_ld_q1 |   1.366  |    136.6  |     6900     |     95.9   
          limb_darkening_ld_q2 |   1.341  |    134.1  |     6900     |     97.7   

All the chains are longer than 50*ACF, but some are shorter than 100*ACF
PyORBIT should keep running for at least      3841 more steps to reach 100*ACF
Suggested value for burnin:  8000


====================================================================================================
     Statistics on the posterior of the sampler variables     
====================================================================================================

----- dataset:  LCdata
jitter_0         7      0.000093      -0.000037      0.000058 (15-84 p) ([ 0.000043,  0.798500])

----------  LCdata      ----- model:  lc_model_b

----- common model:  b
b                0      0.687682      -0.018717      0.017597 (15-84 p) ([ 0.000000,  2.000000])
Tc               1  2455230.992058      -0.002277      0.002294 (15-84 p) ([2455230.900000, 2455231.100000])
P                2      1.401378      -0.000001      0.000001 (15-84 p) ([ 1.300000,  1.500000])
R_Rs             3      0.138457      -0.001046      0.001031 (15-84 p) ([ 0.000010,  0.500000])

----- common model:  star_parameters
density          6      1.342171      -0.085079      0.091641 (15-84 p) ([ 0.000000,  5.000000])

----- common model:  limb_darkening
ld_q1            4      0.295609      -0.036098      0.039375 (15-84 p) ([ 0.000000,  1.000000])
ld_q2            5      0.388053      -0.022487      0.024302 (15-84 p) ([ 0.000000,  1.000000])

====================================================================================================
     Statistics on the physical parameters obtained from the posteriors samples     
====================================================================================================

----- dataset:  LCdata
jitter_0              0.000093         -0.000037         0.000058 (15-84 p)


----------  LCdata      ----- model:  lc_model_b

----- common model:  b
b                     0.687682         -0.018717         0.017597 (15-84 p)
Tc              2455230.992058         -0.002277         0.002294 (15-84 p)
P                 1.401378e+00     -7.474909e-07     7.327422e-07 (15-84 p)
R_Rs                  0.138457         -0.001046         0.001031 (15-84 p)
e                 0.000000e+00 
omega                90.000000 

----- common model:  star_parameters
density               1.342171         -0.085079         0.091641 (15-84 p)

----- common model:  limb_darkening
ld_c1                 0.421484         -0.013178         0.013270 (15-84 p)
ld_c2                 0.121919         -0.032266         0.032606 (15-84 p)

====================================================================================================
     Statistics on the derived parameters obtained from the posteriors samples     
====================================================================================================

----- common model:  b
a_Rs                  5.810615         -0.125465         0.129348 (15-84 p)
i                    83.200658         -0.321519         0.327955 (15-84 p)
mean_long            60.596765         -0.214157         0.215753 (15-84 p)
R_Rj                  1.293538         -0.068997         0.069694 (15-84 p)
R_Re                 14.499158         -0.773380         0.781195 (15-84 p)
T_41                  0.070427         -0.000706         0.000726 (15-84 p)
T_32                  0.040161         -0.001229         0.001161 (15-84 p)
a_AU_(rho,R)          0.025938         -0.001461         0.001518 (15-84 p)


====================================================================================================
     ------------------------------------------------------------------------------------------     
====================================================================================================



20000.0   steps completed, average lnprob:,  138076.41124930096


The chains are more than 50 times longer than the ACF, the estimate can be trusted

Computing the autocorrelation time of the chains
Reference thinning used in the analysis: 100
Step length used in the analysis: 1*nthin = 100

Convergence criteria: less than 1% variation in ACF after 50 times the integrated ACF
At least 50*ACF after convergence, 100*ACF would be ideal
Negative values: not converged yet

          sample variable      |    ACF   | ACF*nthin | converged at | nteps/ACF 
                               |          |           |              |           
          LCdata_jitter_0      |   1.557  |    155.7  |     7900     |    206.1   
          b_b                  |   1.324  |    132.4  |     6800     |    250.8   
          b_Tc                 |   1.302  |    130.2  |     6700     |    255.7   
          b_P                  |   1.299  |    129.9  |     6500     |    257.9   
          b_R_Rs               |   1.345  |    134.5  |     6800     |    246.8   
          star_parameters_density |   1.336  |    133.6  |     6800     |    248.5   
          limb_darkening_ld_q1 |   1.390  |    139.0  |     7100     |    236.7   
          limb_darkening_ld_q2 |   1.358  |    135.8  |     6900     |    243.8   

All the chains are longer than 100*ACF 
Suggested value for burnin:  7900


====================================================================================================
     Statistics on the posterior of the sampler variables     
====================================================================================================

----- dataset:  LCdata
jitter_0         7      0.000094      -0.000036      0.000058 (15-84 p) ([ 0.000043,  0.798500])

----------  LCdata      ----- model:  lc_model_b

----- common model:  b
b                0      0.688520      -0.018648      0.017741 (15-84 p) ([ 0.000000,  2.000000])
Tc               1  2455230.992069      -0.002176      0.002218 (15-84 p) ([2455230.900000, 2455231.100000])
P                2      1.401378      -0.000001      0.000001 (15-84 p) ([ 1.300000,  1.500000])
R_Rs             3      0.138473      -0.001068      0.001062 (15-84 p) ([ 0.000010,  0.500000])

----- common model:  star_parameters
density          6      1.338793      -0.084005      0.090663 (15-84 p) ([ 0.000000,  5.000000])

----- common model:  limb_darkening
ld_q1            4      0.295624      -0.036884      0.038659 (15-84 p) ([ 0.000000,  1.000000])
ld_q2            5      0.387882      -0.022485      0.025277 (15-84 p) ([ 0.000000,  1.000000])

====================================================================================================
     Statistics on the physical parameters obtained from the posteriors samples     
====================================================================================================

----- dataset:  LCdata
jitter_0              0.000094         -0.000036         0.000058 (15-84 p)


----------  LCdata      ----- model:  lc_model_b

----- common model:  b
b                     0.688520         -0.018648         0.017741 (15-84 p)
Tc              2455230.992069         -0.002176         0.002218 (15-84 p)
P                 1.401378e+00     -7.173551e-07     7.090180e-07 (15-84 p)
R_Rs                  0.138473         -0.001068         0.001062 (15-84 p)
e                 0.000000e+00 
omega                90.000000 

----- common model:  star_parameters
density               1.338793         -0.084005         0.090663 (15-84 p)

----- common model:  limb_darkening
ld_c1                 0.421633         -0.013303         0.013235 (15-84 p)
ld_c2                 0.121671         -0.032752         0.032891 (15-84 p)

====================================================================================================
     Statistics on the derived parameters obtained from the posteriors samples     
====================================================================================================

----- common model:  b
a_Rs                  5.805736         -0.124062         0.128203 (15-84 p)
i                    83.189306         -0.323108         0.323768 (15-84 p)
mean_long            60.597464         -0.211256         0.204711 (15-84 p)
R_Rj                  1.292922         -0.066935         0.067637 (15-84 p)
R_Re                 14.492251         -0.750266         0.758141 (15-84 p)
T_41                  0.070465         -0.000716         0.000734 (15-84 p)
T_32                  0.040136         -0.001291         0.001154 (15-84 p)
a_AU_(rho,R)          0.025888         -0.001412         0.001463 (15-84 p)


====================================================================================================
     ------------------------------------------------------------------------------------------     
====================================================================================================



40000.0   steps completed, average lnprob:,  138076.45805190373


The chains are more than 50 times longer than the ACF, the estimate can be trusted

Computing the autocorrelation time of the chains
Reference thinning used in the analysis: 100
Step length used in the analysis: 1*nthin = 100

Convergence criteria: less than 1% variation in ACF after 50 times the integrated ACF
At least 50*ACF after convergence, 100*ACF would be ideal
Negative values: not converged yet

          sample variable      |    ACF   | ACF*nthin | converged at | nteps/ACF 
                               |          |           |              |           
          LCdata_jitter_0      |   1.528  |    152.8  |     7900     |    340.9   
          b_b                  |   1.382  |    138.2  |     7200     |    382.0   
          b_Tc                 |   1.354  |    135.4  |     6800     |    392.9   
          b_P                  |   1.352  |    135.2  |     6800     |    393.5   
          b_R_Rs               |   1.427  |    142.7  |     7500     |    368.0   
          star_parameters_density |   1.378  |    137.8  |     7100     |    384.0   
          limb_darkening_ld_q1 |   1.346  |    134.6  |     6900     |    394.6   
          limb_darkening_ld_q2 |   1.386  |    138.6  |     7100     |    381.7   

All the chains are longer than 100*ACF 
Suggested value for burnin:  7900


====================================================================================================
     Statistics on the posterior of the sampler variables     
====================================================================================================

----- dataset:  LCdata
jitter_0         7      0.000093      -0.000036      0.000058 (15-84 p) ([ 0.000043,  0.798500])

----------  LCdata      ----- model:  lc_model_b

----- common model:  b
b                0      0.688321      -0.018813      0.017632 (15-84 p) ([ 0.000000,  2.000000])
Tc               1  2455230.992064      -0.002230      0.002256 (15-84 p) ([2455230.900000, 2455231.100000])
P                2      1.401378      -0.000001      0.000001 (15-84 p) ([ 1.300000,  1.500000])
R_Rs             3      0.138469      -0.001066      0.001072 (15-84 p) ([ 0.000010,  0.500000])

----- common model:  star_parameters
density          6      1.339652      -0.084219      0.090408 (15-84 p) ([ 0.000000,  5.000000])

----- common model:  limb_darkening
ld_q1            4      0.294902      -0.036242      0.039071 (15-84 p) ([ 0.000000,  1.000000])
ld_q2            5      0.387970      -0.022379      0.024845 (15-84 p) ([ 0.000000,  1.000000])

====================================================================================================
     Statistics on the physical parameters obtained from the posteriors samples     
====================================================================================================

----- dataset:  LCdata
jitter_0              0.000093         -0.000036         0.000058 (15-84 p)


----------  LCdata      ----- model:  lc_model_b

----- common model:  b
b                     0.688321         -0.018813         0.017632 (15-84 p)
Tc              2455230.992064         -0.002230         0.002256 (15-84 p)
P                 1.401378e+00     -7.242127e-07     7.281008e-07 (15-84 p)
R_Rs                  0.138469         -0.001066         0.001072 (15-84 p)
e                 0.000000e+00 
omega                90.000000 

----- common model:  star_parameters
density               1.339652         -0.084219         0.090408 (15-84 p)

----- common model:  limb_darkening
ld_c1                 0.421521         -0.013312         0.013201 (15-84 p)
ld_c2                 0.121523         -0.032340         0.032792 (15-84 p)

====================================================================================================
     Statistics on the derived parameters obtained from the posteriors samples     
====================================================================================================

----- common model:  b
a_Rs                  5.806980         -0.124333         0.127795 (15-84 p)
i                    83.194126         -0.323080         0.324023 (15-84 p)
mean_long            60.598101         -0.213149         0.208646 (15-84 p)
R_Rj                  1.293838         -0.068677         0.068815 (15-84 p)
R_Re                 14.502517         -0.769797         0.771341 (15-84 p)
T_41                  0.070452         -0.000715         0.000732 (15-84 p)
T_32                  0.040134         -0.001268         0.001170 (15-84 p)
a_AU_(rho,R)          0.025905         -0.001457         0.001516 (15-84 p)


====================================================================================================
     ------------------------------------------------------------------------------------------     
====================================================================================================



60000.0   steps completed, average lnprob:,  138076.6597883188


The chains are more than 50 times longer than the ACF, the estimate can be trusted

Computing the autocorrelation time of the chains
Reference thinning used in the analysis: 100
Step length used in the analysis: 1*nthin = 100

Convergence criteria: less than 1% variation in ACF after 50 times the integrated ACF
At least 50*ACF after convergence, 100*ACF would be ideal
Negative values: not converged yet

          sample variable      |    ACF   | ACF*nthin | converged at | nteps/ACF 
                               |          |           |              |           
          LCdata_jitter_0      |   1.566  |    156.6  |     7900     |    460.4   
          b_b                  |   1.394  |    139.4  |     7200     |    522.3   
          b_Tc                 |   1.365  |    136.5  |     7100     |    534.0   
          b_P                  |   1.360  |    136.0  |     7000     |    536.7   
          b_R_Rs               |   1.436  |    143.6  |     7500     |    504.8   
          star_parameters_density |   1.378  |    137.8  |     7100     |    529.2   
          limb_darkening_ld_q1 |   1.362  |    136.2  |     6900     |    536.8   
          limb_darkening_ld_q2 |   1.380  |    138.0  |     7100     |    528.1   

All the chains are longer than 100*ACF 
Suggested value for burnin:  7900


====================================================================================================
     Statistics on the posterior of the sampler variables     
====================================================================================================

----- dataset:  LCdata
jitter_0         7      0.000092      -0.000035      0.000058 (15-84 p) ([ 0.000043,  0.798500])

----------  LCdata      ----- model:  lc_model_b

----- common model:  b
b                0      0.688315      -0.018954      0.017668 (15-84 p) ([ 0.000000,  2.000000])
Tc               1  2455230.992057      -0.002238      0.002247 (15-84 p) ([2455230.900000, 2455231.100000])
P                2      1.401378      -0.000001      0.000001 (15-84 p) ([ 1.300000,  1.500000])
R_Rs             3      0.138461      -0.001060      0.001074 (15-84 p) ([ 0.000010,  0.500000])

----- common model:  star_parameters
density          6      1.339795      -0.085114      0.090133 (15-84 p) ([ 0.000000,  5.000000])

----- common model:  limb_darkening
ld_q1            4      0.295315      -0.036388      0.038946 (15-84 p) ([ 0.000000,  1.000000])
ld_q2            5      0.387888      -0.022306      0.024625 (15-84 p) ([ 0.000000,  1.000000])

====================================================================================================
     Statistics on the physical parameters obtained from the posteriors samples     
====================================================================================================

----- dataset:  LCdata
jitter_0              0.000092         -0.000035         0.000058 (15-84 p)


----------  LCdata      ----- model:  lc_model_b

----- common model:  b
b                     0.688315         -0.018954         0.017668 (15-84 p)
Tc              2455230.992057         -0.002238         0.002247 (15-84 p)
P                 1.401378e+00     -7.224263e-07     7.301165e-07 (15-84 p)
R_Rs                  0.138461         -0.001060         0.001074 (15-84 p)
e                 0.000000e+00 
omega                90.000000 

----- common model:  star_parameters
density               1.339795         -0.085114         0.090133 (15-84 p)

----- common model:  limb_darkening
ld_c1                 0.421553         -0.013118         0.013273 (15-84 p)
ld_c2                 0.121769         -0.032228         0.032552 (15-84 p)

====================================================================================================
     Statistics on the derived parameters obtained from the posteriors samples     
====================================================================================================

----- common model:  b
a_Rs                  5.807186         -0.125673         0.127406 (15-84 p)
i                    83.193251         -0.324461         0.326637 (15-84 p)
mean_long            60.598346         -0.212635         0.209447 (15-84 p)
R_Rj                  1.294284         -0.067190         0.067328 (15-84 p)
R_Re                 14.507522         -0.753129         0.754675 (15-84 p)
T_41                  0.070451         -0.000713         0.000736 (15-84 p)
T_32                  0.040136         -0.001255         0.001170 (15-84 p)
a_AU_(rho,R)          0.025937         -0.001437         0.001485 (15-84 p)


====================================================================================================
     ------------------------------------------------------------------------------------------     
====================================================================================================



80000.0   steps completed, average lnprob:,  138076.31214712412


The chains are more than 50 times longer than the ACF, the estimate can be trusted

Computing the autocorrelation time of the chains
Reference thinning used in the analysis: 100
Step length used in the analysis: 1*nthin = 100

Convergence criteria: less than 1% variation in ACF after 50 times the integrated ACF
At least 50*ACF after convergence, 100*ACF would be ideal
Negative values: not converged yet

          sample variable      |    ACF   | ACF*nthin | converged at | nteps/ACF 
                               |          |           |              |           
          LCdata_jitter_0      |   1.541  |    154.1  |     7900     |    597.8   
          b_b                  |   1.379  |    137.9  |     7200     |    672.8   
          b_Tc                 |   1.367  |    136.7  |     7100     |    679.6   
          b_P                  |   1.362  |    136.2  |     7000     |    682.9   
          b_R_Rs               |   1.392  |    139.2  |     7500     |    664.5   
          star_parameters_density |   1.386  |    138.6  |     7100     |    670.3   
          limb_darkening_ld_q1 |   1.378  |    137.8  |     6900     |    675.8   
          limb_darkening_ld_q2 |   1.395  |    139.5  |     7100     |    666.0   

All the chains are longer than 100*ACF 
Suggested value for burnin:  7900


====================================================================================================
     Statistics on the posterior of the sampler variables     
====================================================================================================

----- dataset:  LCdata
jitter_0         7      0.000092      -0.000035      0.000058 (15-84 p) ([ 0.000043,  0.798500])

----------  LCdata      ----- model:  lc_model_b

----- common model:  b
b                0      0.688343      -0.018904      0.017673 (15-84 p) ([ 0.000000,  2.000000])
Tc               1  2455230.992035      -0.002244      0.002281 (15-84 p) ([2455230.900000, 2455231.100000])
P                2      1.401378      -0.000001      0.000001 (15-84 p) ([ 1.300000,  1.500000])
R_Rs             3      0.138461      -0.001062      0.001067 (15-84 p) ([ 0.000010,  0.500000])

----- common model:  star_parameters
density          6      1.339786      -0.085135      0.090214 (15-84 p) ([ 0.000000,  5.000000])

----- common model:  limb_darkening
ld_q1            4      0.295246      -0.036538      0.039094 (15-84 p) ([ 0.000000,  1.000000])
ld_q2            5      0.387869      -0.022399      0.024710 (15-84 p) ([ 0.000000,  1.000000])

====================================================================================================
     Statistics on the physical parameters obtained from the posteriors samples     
====================================================================================================

----- dataset:  LCdata
jitter_0              0.000092         -0.000035         0.000058 (15-84 p)


----------  LCdata      ----- model:  lc_model_b

----- common model:  b
b                     0.688343         -0.018904         0.017673 (15-84 p)
Tc              2455230.992035         -0.002244         0.002281 (15-84 p)
P                 1.401378e+00     -7.344903e-07     7.315151e-07 (15-84 p)
R_Rs                  0.138461         -0.001062         0.001067 (15-84 p)
e                 0.000000e+00 
omega                90.000000 

----- common model:  star_parameters
density               1.339786         -0.085135         0.090214 (15-84 p)

----- common model:  limb_darkening
ld_c1                 0.421451         -0.013198         0.013343 (15-84 p)
ld_c2                 0.121793         -0.032398         0.032856 (15-84 p)

====================================================================================================
     Statistics on the derived parameters obtained from the posteriors samples     
====================================================================================================

----- common model:  b
a_Rs                  5.807173         -0.125705         0.127519 (15-84 p)
i                    83.193668         -0.327103         0.325223 (15-84 p)
mean_long            60.599671         -0.214100         0.210470 (15-84 p)
R_Rj                  1.294796         -0.068676         0.069096 (15-84 p)
R_Re                 14.513261         -0.769789         0.774486 (15-84 p)
T_41                  0.070451         -0.000715         0.000737 (15-84 p)
T_32                  0.040136         -0.001248         0.001165 (15-84 p)
a_AU_(rho,R)          0.025939         -0.001447         0.001489 (15-84 p)


====================================================================================================
     ------------------------------------------------------------------------------------------     
====================================================================================================



100000.0   steps completed, average lnprob:,  138076.71843230724


emcee completed

