
PyORBIT v9.0.21

Python version in use:
3.8.10 (default, Nov 14 2022, 12:59:47) 
[GCC 9.4.0]
 LaTeX disabled by default

emcee version:  3.1.3

 Reference Time Tref: 2458000.0

 Dimensions = 11
 Nwalkers = 44

 Steps: 100000

The chains are more than 50 times longer than the ACF, the estimate can be trusted

Computing the autocorrelation time of the chains
Reference thinning used in the analysis: 100
Step length used in the analysis: 1*nthin = 100

Convergence criteria: less than 1% variation in ACF after 50 times the integrated ACF
At least 50*ACF after convergence, 100*ACF would be ideal
Negative values: not converged yet

          sample variable      |    ACF   | ACF*nthin | converged at | nteps/ACF 
                               |          |           |              |           
          LCdata_jitter_0      |   1.624  |    162.4  |     8700     |    562.2   
          b_b                  |   1.652  |    165.2  |     8300     |    555.1   
          b_P                  |   1.671  |    167.1  |     8400     |    548.3   
          b_Tc                 |   1.619  |    161.9  |     8200     |    567.1   
          b_R_Rs               |   1.591  |    159.1  |     8000     |    578.4   
          star_parameters_density |   1.626  |    162.6  |     8200     |    564.5   
          limb_darkening_ld_q1 |   1.732  |    173.2  |     8700     |    527.2   
          limb_darkening_ld_q2 |   1.704  |    170.4  |     8900     |    534.5   
          polynomial_trend_poly_c0 |   1.552  |    155.2  |     7800     |    594.2   
          polynomial_trend_poly_c1 |   1.613  |    161.3  |     8100     |    569.9   
          polynomial_trend_poly_c2 |   1.530  |    153.0  |     7700     |    603.2   

All the chains are longer than 100*ACF 
Suggested value for burnin:  8900


 LN posterior:  8941.752900      -2.538095     1.936368 (15-84 p) 

 Median log_priors     = -23.663659708276757
 Median log_likelihood = 8970.579404009773
 Median BIC  (using likelihood) = -17856.697218097972
 Median AIC  (using likelihood) = -17919.158808019547
 Median AICc (using likelihood) = -17919.035960183344

 Median BIC  (using posterior)  = -17809.36989868142
 Median AIC  (using posterior)  = -17871.831488602995
 Median AICc (using posterior)  = -17871.708640766792

 MAP log_priors     = -24.151559081693915
 MAP log_likelihood = 8970.696668063318
 MAP BIC  (using likelihood) = -17856.93174620506
 MAP AIC  (using likelihood) = -17919.393336126635
 MAP AICc (using likelihood) = -17919.270488290433

 MAP BIC  (using posterior)  = -17808.62862804167
 MAP AIC  (using posterior)  = -17871.090217963247
 MAP AICc (using posterior)  = -17870.967370127044

 AIC suggested over AICs because NDATA (  2161.000000 ) > 40 * NDIM (    11.000000 )

****************************************************************************************************
****************************************************************************************************

 Confidence intervals (median value, 34.135th percentile from the median on the left and right side)

====================================================================================================
     Statistics on the posterior of the sampler variables     
====================================================================================================

----- dataset:  LCdata
jitter_0        10      0.002848      -0.000078      0.000078 (15-84 p) ([ 0.000023,  0.290700])

----------  LCdata      ----- model:  polynomial_trend

----------  LCdata      ----- model:  lc_model_b

----- common model:  b
b                0      0.660669      -0.025228      0.023384 (15-84 p) ([ 0.000000,  2.000000])
P                1      1.401378      -0.000001      0.000001 (15-84 p) ([ 1.300000,  1.500000])
Tc               2  2459467.356606      -0.000219      0.000220 (15-84 p) ([2459467.290000, 2459467.420000])
R_Rs             3      0.131136      -0.001895      0.001922 (15-84 p) ([ 0.000010,  0.500000])

----- common model:  star_parameters
density          6      1.452816      -0.106465      0.110760 (15-84 p) ([ 0.000000,  5.000000])

----- common model:  limb_darkening
ld_q1            4      0.403413      -0.052945      0.057163 (15-84 p) ([ 0.000000,  1.000000])
ld_q2            5      0.408717      -0.024647      0.027723 (15-84 p) ([ 0.000000,  1.000000])

----- common model:  polynomial_trend
poly_c0          7      0.761679      -0.000295      0.000297 (15-84 p) ([-1000000.000000, 1000000.000000])
poly_c1          8      0.002518      -0.002064      0.002063 (15-84 p) ([-1000000.000000, 1000000.000000])
poly_c2          9      0.051855      -0.093814      0.095260 (15-84 p) ([-1000000.000000, 1000000.000000])

====================================================================================================
     Statistics on the physical parameters obtained from the posteriors samples     
====================================================================================================

----- dataset:  LCdata
jitter_0              0.002848         -0.000078         0.000078 (15-84 p)


----------  LCdata      ----- model:  polynomial_trend

----------  LCdata      ----- model:  lc_model_b

----- common model:  b
b                     0.660669         -0.025228         0.023384 (15-84 p)
P                 1.401378e+00     -9.978433e-07     1.007173e-06 (15-84 p)
e                 0.000000e+00 
Tc              2459467.356606         -0.000219         0.000220 (15-84 p)
R_Rs                  0.131136         -0.001895         0.001922 (15-84 p)
omega                90.000000 

----- common model:  star_parameters
density               1.452816         -0.106465         0.110760 (15-84 p)

----- common model:  limb_darkening
ld_c1                 0.519441         -0.018140         0.018197 (15-84 p)
ld_c2                 0.115965         -0.039989         0.040031 (15-84 p)

----- common model:  polynomial_trend
poly_c0               0.761679         -0.000295         0.000297 (15-84 p)
poly_c1               0.002518         -0.002064         0.002063 (15-84 p)
x_zero          2459467.353901 
poly_c2               0.051855         -0.093814         0.095260 (15-84 p)

====================================================================================================
     Statistics on the derived parameters obtained from the posteriors samples     
====================================================================================================

----- common model:  b
a_Rs                  5.966091         -0.149446         0.147915 (15-84 p)
i                    83.642286         -0.388720         0.384328 (15-84 p)
mean_long            60.752557         -0.274468         0.277449 (15-84 p)
R_Rj                  1.225463         -0.066114         0.066854 (15-84 p)
R_Re                 13.736107         -0.741066         0.749363 (15-84 p)
T_41                  0.069360         -0.000830         0.000910 (15-84 p)
T_32                  0.042516         -0.001401         0.001332 (15-84 p)
a_AU_(rho,R)          0.026635         -0.001545         0.001541 (15-84 p)


====================================================================================================
     ------------------------------------------------------------------------------------------     
====================================================================================================



****************************************************************************************************

 Parameters corresponding to the Maximum a Posteriori probability ( 8946.545108981623 )


====================================================================================================
     Statistics on the posterior of the sampler variables     
====================================================================================================

----- dataset:  LCdata
jitter_0        10      0.002848 ([  0.000023,   0.290700])

----------  LCdata      ----- model:  polynomial_trend

----------  LCdata      ----- model:  lc_model_b

----- common model:  b
b                0      0.657226 ([  0.000000,   2.000000])
P                1      1.401377 ([  1.300000,   1.500000])
Tc               2  2459467.356531 ([2459467.290000, 2459467.420000])
R_Rs             3      0.131492 ([  0.000010,   0.500000])

----- common model:  star_parameters
density          6      1.468638 ([  0.000000,   5.000000])

----- common model:  limb_darkening
ld_q1            4      0.393142 ([  0.000000,   1.000000])
ld_q2            5      0.413488 ([  0.000000,   1.000000])

----- common model:  polynomial_trend
poly_c0          7      0.761704 ([-1000000.000000, 1000000.000000])
poly_c1          8      0.002217 ([-1000000.000000, 1000000.000000])
poly_c2          9      0.044033 ([-1000000.000000, 1000000.000000])

====================================================================================================
     Statistics on the physical parameters obtained from the posteriors samples     
====================================================================================================

----- dataset:  LCdata
jitter_0              0.002848 


----------  LCdata      ----- model:  polynomial_trend

----------  LCdata      ----- model:  lc_model_b

----- common model:  b
b                     0.657226 
P                     1.401377 
e                 0.000000e+00 
Tc              2459467.356531 
R_Rs                  0.131492 
omega                90.000000 

----- common model:  star_parameters
density               1.468638 

----- common model:  limb_darkening
ld_c1                 0.518523 
ld_c2                 0.108487 

----- common model:  polynomial_trend
poly_c0               0.761704 
poly_c1               0.002217 
x_zero          2459467.353901 
poly_c2               0.044033 

====================================================================================================
     Statistics on the derived parameters obtained from the posteriors samples     
====================================================================================================

----- common model:  b
a_Rs                  5.987668 
i                    83.698327 
mean_long            60.639918 
R_Rj                  1.274837 
R_Re                 14.289543 
T_41                  0.069312 
T_32                  0.042620 
a_AU_(rho,R)          0.027743 


====================================================================================================
     ------------------------------------------------------------------------------------------     
====================================================================================================



****************************************************************************************************

 Trying to identify the stellar parameters
Note: priors on stellar mass and radius provided independently from the measured density, no check for consistency is performed

 Trying to identify the stellar parameters
 Plot FLAT chain 

****************************************************************************************************

Plotting full_correlation plot with pygtc

****************************************************************************************************

 Plotting the chains... 

****************************************************************************************************

 Plotting the Gelman-Rubin traces... 

     Gelman-Rubin:    10     1.000307 LCdata_jitter_0 
     Gelman-Rubin:     0     1.000624 b_b 
     Gelman-Rubin:     1     1.000413 b_P 
     Gelman-Rubin:     2     1.000494 b_Tc 
     Gelman-Rubin:     3     1.000374 b_R_Rs 
     Gelman-Rubin:     6     1.000640 star_parameters_density 
     Gelman-Rubin:     4     1.000345 limb_darkening_ld_q1 
     Gelman-Rubin:     5     1.000413 limb_darkening_ld_q2 
     Gelman-Rubin:     7     1.000195 polynomial_trend_poly_c0 
     Gelman-Rubin:     8     1.000590 polynomial_trend_poly_c1 
     Gelman-Rubin:     9     1.000161 polynomial_trend_poly_c2 

****************************************************************************************************

 Plotting the common models corner plots
     Common model:  b
     Common model:  star_parameters
     Common model:  limb_darkening
     Common model:  polynomial_trend

****************************************************************************************************

 Dataset + models corner plots 

     Dataset:  LCdata     model:  polynomial_trend  corner plot  starting 
     Dataset:  LCdata     model:  polynomial_trend  corner plot  done 
     Dataset:  LCdata     model:  lc_model_b  corner plot  starting 
     Dataset:  LCdata     model:  lc_model_b  corner plot  done 

****************************************************************************************************

 Saving the planet variable samplings to files (with plots)

****************************************************************************************************

 Saving all the variable samplings to files (with plots)

****************************************************************************************************

 Computing the models for plot/data writing 
 Writing the plots 
 Writing the   data files 
 Writing the  MAP_ data files 

****************************************************************************************************

